5/4/2023 5:07:47 PM	This log contains information about the import schema operation into project 'AdventureWorks2019' on computer 'AMORELOS-L10' by user 'Abraham.Morelos'.
5/4/2023 5:07:48 PM	Import of database schema has started.
5/4/2023 5:08:55 PM	Gathering database credentials
5/4/2023 5:08:55 PM	Gathering database options
5/4/2023 5:08:55 PM	Gathering generic database scoped configuration option
5/4/2023 5:08:55 PM	Gathering users
5/4/2023 5:08:55 PM	Gathering roles
5/4/2023 5:08:55 PM	Gathering application roles
5/4/2023 5:08:55 PM	Gathering role memberships
5/4/2023 5:08:55 PM	Gathering filegroups
5/4/2023 5:08:55 PM	Gathering full-text catalogs
5/4/2023 5:08:55 PM	Gathering assemblies
5/4/2023 5:08:55 PM	Gathering certificates
5/4/2023 5:08:55 PM	Gathering asymmetric keys
5/4/2023 5:08:55 PM	Gathering symmetric keys
5/4/2023 5:08:55 PM	Gathering encrypted symmetric keys
5/4/2023 5:08:55 PM	Gathering schemas
5/4/2023 5:08:55 PM	Gathering XML schema collections
5/4/2023 5:08:55 PM	Gathering user-defined data types
5/4/2023 5:08:55 PM	Gathering user-defined types
5/4/2023 5:08:55 PM	Gathering table types
5/4/2023 5:08:55 PM	Gathering unique keys for table types
5/4/2023 5:08:55 PM	Gathering primary keys for table types
5/4/2023 5:08:55 PM	Gathering indexes for table types
5/4/2023 5:08:55 PM	Gathering check constraints for table types
5/4/2023 5:08:55 PM	Gathering default constraints for table types
5/4/2023 5:08:55 PM	Gathering partition functions
5/4/2023 5:08:55 PM	Gathering partition schemes
5/4/2023 5:08:55 PM	Gathering functions
5/4/2023 5:08:55 PM	Gathering encrypted functions
5/4/2023 5:08:55 PM	Gathering aggregates
5/4/2023 5:08:55 PM	Gathering procedures
5/4/2023 5:08:55 PM	Gathering encrypted procedures
5/4/2023 5:08:55 PM	Gathering tables
5/4/2023 5:08:56 PM	Gathering primary keys
5/4/2023 5:08:56 PM	Gathering unique constraints
5/4/2023 5:08:56 PM	Gathering foreign keys
5/4/2023 5:08:56 PM	Gathering default constraints
5/4/2023 5:08:56 PM	Gathering check constraints
5/4/2023 5:08:56 PM	Gathering views
5/4/2023 5:08:56 PM	Gathering encrypted views
5/4/2023 5:08:56 PM	Gathering indexes
5/4/2023 5:08:56 PM	Gathering statistics
5/4/2023 5:08:56 PM	Gathering full-text index stoplists
5/4/2023 5:08:56 PM	Gathering search property lists
5/4/2023 5:08:56 PM	Gathering search properties
5/4/2023 5:08:56 PM	Gathering full-text indexes
5/4/2023 5:08:57 PM	Gathering column store indexes
5/4/2023 5:08:57 PM	Gathering spatial indexes
5/4/2023 5:08:57 PM	Gathering XML indexes
5/4/2023 5:08:57 PM	Gathering Selective XML indexes
5/4/2023 5:08:57 PM	Gathering encrypted triggers
5/4/2023 5:08:57 PM	Gathering triggers
5/4/2023 5:08:57 PM	Gathering encrypted and clr ddl triggers
5/4/2023 5:08:57 PM	Gathering ddl triggers
5/4/2023 5:08:57 PM	Creating edge constraints
5/4/2023 5:08:57 PM	Gathering synonyms
5/4/2023 5:08:57 PM	Gathering defaults
5/4/2023 5:08:57 PM	Gathering data constraint uddt bindings
5/4/2023 5:08:57 PM	Gathering rules
5/4/2023 5:08:57 PM	Gathering data constraint uddt bindings
5/4/2023 5:08:57 PM	Gathering message types
5/4/2023 5:08:57 PM	Gathering queues
5/4/2023 5:08:57 PM	Gathering contracts
5/4/2023 5:08:57 PM	Gathering services
5/4/2023 5:08:57 PM	Gathering event notifications
5/4/2023 5:08:57 PM	Gathering remote service bindings
5/4/2023 5:08:57 PM	Gathering broker priorities
5/4/2023 5:08:57 PM	Gathering signatures
5/4/2023 5:08:57 PM	Gathering compression options
5/4/2023 5:08:57 PM	Gathering sequence types
5/4/2023 5:08:57 PM	Gathering security policies
5/4/2023 5:08:57 PM	Gather column encryption keys
5/4/2023 5:08:57 PM	Gathering column master keys
5/4/2023 5:08:57 PM	Gathering external data sources
5/4/2023 5:08:57 PM	Gathering external file formats
5/4/2023 5:08:57 PM	Gathering external tables
5/4/2023 5:08:57 PM	Gathering database permissions
5/4/2023 5:08:59 PM	Gathering extended properties
5/4/2023 5:09:01 PM	Gathering assemblies
5/4/2023 5:09:01 PM	Gathering credentials
5/4/2023 5:09:01 PM	Gathering logins
5/4/2023 5:09:01 PM	Gathering server audits
5/4/2023 5:09:06 PM	Scanning project for duplicate elements
5/4/2023 5:09:10 PM	Finished duplicate element processing
5/4/2023 5:09:47 PM	Finished importing database.
5/4/2023 5:09:47 PM	A summary of the import was saved to the following location: C:\MyFolder\db_project\SSDT\AdventureWorks2019\Import Schema Logs\AdventureWorks2019_20230504110747.log
5/4/2023 5:09:47 PM	Click Finish to continue...
